[32m2024-09-17 15:56:33.224[0;39m [INFO] com.hexaware.restapi.ProductRestApiApplication [main] Starting ProductRestApiApplication using Java 17.0.11 with PID 3252 (D:\EP_Wipro_Repo\Spring_Boot_Rest_Projects\Microservices\product_rest_api\target\classes started by DELL in D:\EP_Wipro_Repo\Spring_Boot_Rest_Projects\Microservices\product_rest_api)
[32m2024-09-17 15:56:33.230[0;39m [INFO] com.hexaware.restapi.ProductRestApiApplication [main] No active profile set, falling back to 1 default profile: "default"
[32m2024-09-17 15:56:33.974[0;39m [INFO] org.springframework.data.repository.config.RepositoryConfigurationDelegate [main] Bootstrapping Spring Data JPA repositories in DEFAULT mode.
[32m2024-09-17 15:56:34.040[0;39m [INFO] org.springframework.data.repository.config.RepositoryConfigurationDelegate [main] Finished Spring Data repository scanning in 57 ms. Found 1 JPA repository interface.
[32m2024-09-17 15:56:34.537[0;39m [INFO] org.springframework.boot.web.embedded.tomcat.TomcatWebServer [main] Tomcat initialized with port 8181 (http)
[32m2024-09-17 15:56:34.546[0;39m [INFO] org.apache.catalina.core.StandardService [main] Starting service [Tomcat]
[32m2024-09-17 15:56:34.547[0;39m [INFO] org.apache.catalina.core.StandardEngine [main] Starting Servlet engine: [Apache Tomcat/10.1.16]
[32m2024-09-17 15:56:34.606[0;39m [INFO] org.apache.catalina.core.ContainerBase.[Tomcat].[localhost].[/] [main] Initializing Spring embedded WebApplicationContext
[32m2024-09-17 15:56:34.607[0;39m [INFO] org.springframework.boot.web.servlet.context.ServletWebServerApplicationContext [main] Root WebApplicationContext: initialization completed in 1312 ms
[32m2024-09-17 15:56:34.739[0;39m [INFO] org.hibernate.jpa.internal.util.LogHelper [main] HHH000204: Processing PersistenceUnitInfo [name: default]
[32m2024-09-17 15:56:34.789[0;39m [INFO] org.hibernate.Version [main] HHH000412: Hibernate ORM core version 6.3.1.Final
[32m2024-09-17 15:56:34.823[0;39m [INFO] org.hibernate.cache.internal.RegionFactoryInitiator [main] HHH000026: Second-level cache disabled
[32m2024-09-17 15:56:35.061[0;39m [INFO] org.springframework.orm.jpa.persistenceunit.SpringPersistenceUnitInfo [main] No LoadTimeWeaver setup: ignoring JPA class transformer
[32m2024-09-17 15:56:35.085[0;39m [INFO] com.zaxxer.hikari.HikariDataSource [main] HikariPool-1 - Starting...
[32m2024-09-17 15:56:35.414[0;39m [INFO] com.zaxxer.hikari.pool.HikariPool [main] HikariPool-1 - Added connection com.mysql.cj.jdbc.ConnectionImpl@44976b08
[32m2024-09-17 15:56:35.416[0;39m [INFO] com.zaxxer.hikari.HikariDataSource [main] HikariPool-1 - Start completed.
[32m2024-09-17 15:56:36.250[0;39m [INFO] org.hibernate.engine.transaction.jta.platform.internal.JtaPlatformInitiator [main] HHH000489: No JTA platform available (set 'hibernate.transaction.jta.platform' to enable JTA platform integration)
[32m2024-09-17 15:56:36.351[0;39m [INFO] org.springframework.orm.jpa.LocalContainerEntityManagerFactoryBean [main] Initialized JPA EntityManagerFactory for persistence unit 'default'
[32m2024-09-17 15:56:36.629[0;39m [WARN] org.springframework.boot.autoconfigure.orm.jpa.JpaBaseConfiguration$JpaWebConfiguration [main] spring.jpa.open-in-view is enabled by default. Therefore, database queries may be performed during view rendering. Explicitly configure spring.jpa.open-in-view to disable this warning
[32m2024-09-17 15:56:36.982[0;39m [INFO] org.springframework.boot.web.embedded.tomcat.TomcatWebServer [main] Tomcat started on port 8181 (http) with context path ''
[32m2024-09-17 15:56:36.990[0;39m [INFO] com.hexaware.restapi.ProductRestApiApplication [main] Started ProductRestApiApplication in 4.235 seconds (process running for 4.925)
[32m2024-09-17 16:00:35.210[0;39m [INFO] org.apache.catalina.core.ContainerBase.[Tomcat].[localhost].[/] [http-nio-8181-exec-1] Initializing Spring DispatcherServlet 'dispatcherServlet'
[32m2024-09-17 16:00:35.210[0;39m [INFO] org.springframework.web.servlet.DispatcherServlet [http-nio-8181-exec-1] Initializing Servlet 'dispatcherServlet'
[32m2024-09-17 16:00:35.211[0;39m [INFO] org.springframework.web.servlet.DispatcherServlet [http-nio-8181-exec-1] Completed initialization in 1 ms
[32m2024-09-17 16:02:35.782[0;39m [INFO] com.hexaware.restapi.restcontroller.ProductRestController [http-nio-8181-exec-8] I am info
[32m2024-09-17 16:02:35.782[0;39m [WARN] com.hexaware.restapi.restcontroller.ProductRestController [http-nio-8181-exec-8] I am warning
[32m2024-09-17 16:02:35.782[0;39m [ERROR] com.hexaware.restapi.restcontroller.ProductRestController [http-nio-8181-exec-8] I am error
[32m2024-09-17 16:12:21.993[0;39m [INFO] org.springframework.boot.admin.SpringApplicationAdminMXBeanRegistrar$SpringApplicationAdmin [RMI TCP Connection(19)-127.0.0.1] Application shutdown requested.
[32m2024-09-17 16:12:22.009[0;39m [INFO] org.springframework.orm.jpa.LocalContainerEntityManagerFactoryBean [RMI TCP Connection(19)-127.0.0.1] Closing JPA EntityManagerFactory for persistence unit 'default'
[32m2024-09-17 16:12:22.011[0;39m [INFO] com.zaxxer.hikari.HikariDataSource [RMI TCP Connection(19)-127.0.0.1] HikariPool-1 - Shutdown initiated...
[32m2024-09-17 16:12:22.020[0;39m [INFO] com.zaxxer.hikari.HikariDataSource [RMI TCP Connection(19)-127.0.0.1] HikariPool-1 - Shutdown completed.
[32m2024-09-17 16:12:24.260[0;39m [INFO] com.hexaware.restapi.ProductRestApiApplication [main] Starting ProductRestApiApplication using Java 17.0.11 with PID 18688 (D:\EP_Wipro_Repo\Spring_Boot_Rest_Projects\Microservices\product_rest_api\target\classes started by DELL in D:\EP_Wipro_Repo\Spring_Boot_Rest_Projects\Microservices\product_rest_api)
[32m2024-09-17 16:12:24.262[0;39m [INFO] com.hexaware.restapi.ProductRestApiApplication [main] No active profile set, falling back to 1 default profile: "default"
[32m2024-09-17 16:12:24.941[0;39m [INFO] org.springframework.data.repository.config.RepositoryConfigurationDelegate [main] Bootstrapping Spring Data JPA repositories in DEFAULT mode.
[32m2024-09-17 16:12:24.992[0;39m [INFO] org.springframework.data.repository.config.RepositoryConfigurationDelegate [main] Finished Spring Data repository scanning in 44 ms. Found 1 JPA repository interface.
[32m2024-09-17 16:12:25.480[0;39m [INFO] org.springframework.boot.web.embedded.tomcat.TomcatWebServer [main] Tomcat initialized with port 8181 (http)
[32m2024-09-17 16:12:25.494[0;39m [INFO] org.apache.catalina.core.StandardService [main] Starting service [Tomcat]
[32m2024-09-17 16:12:25.495[0;39m [INFO] org.apache.catalina.core.StandardEngine [main] Starting Servlet engine: [Apache Tomcat/10.1.16]
[32m2024-09-17 16:12:25.565[0;39m [INFO] org.apache.catalina.core.ContainerBase.[Tomcat].[localhost].[/] [main] Initializing Spring embedded WebApplicationContext
[32m2024-09-17 16:12:25.565[0;39m [INFO] org.springframework.boot.web.servlet.context.ServletWebServerApplicationContext [main] Root WebApplicationContext: initialization completed in 1247 ms
[32m2024-09-17 16:12:25.690[0;39m [INFO] org.hibernate.jpa.internal.util.LogHelper [main] HHH000204: Processing PersistenceUnitInfo [name: default]
[32m2024-09-17 16:12:25.737[0;39m [INFO] org.hibernate.Version [main] HHH000412: Hibernate ORM core version 6.3.1.Final
[32m2024-09-17 16:12:25.772[0;39m [INFO] org.hibernate.cache.internal.RegionFactoryInitiator [main] HHH000026: Second-level cache disabled
[32m2024-09-17 16:12:26.030[0;39m [INFO] org.springframework.orm.jpa.persistenceunit.SpringPersistenceUnitInfo [main] No LoadTimeWeaver setup: ignoring JPA class transformer
[32m2024-09-17 16:12:26.058[0;39m [INFO] com.zaxxer.hikari.HikariDataSource [main] HikariPool-1 - Starting...
[32m2024-09-17 16:12:26.450[0;39m [INFO] com.zaxxer.hikari.pool.HikariPool [main] HikariPool-1 - Added connection com.mysql.cj.jdbc.ConnectionImpl@ff4b223
[32m2024-09-17 16:12:26.452[0;39m [INFO] com.zaxxer.hikari.HikariDataSource [main] HikariPool-1 - Start completed.
[32m2024-09-17 16:12:27.339[0;39m [INFO] org.hibernate.engine.transaction.jta.platform.internal.JtaPlatformInitiator [main] HHH000489: No JTA platform available (set 'hibernate.transaction.jta.platform' to enable JTA platform integration)
[32m2024-09-17 16:12:27.380[0;39m [INFO] org.springframework.orm.jpa.LocalContainerEntityManagerFactoryBean [main] Initialized JPA EntityManagerFactory for persistence unit 'default'
[32m2024-09-17 16:12:27.631[0;39m [WARN] org.springframework.boot.autoconfigure.orm.jpa.JpaBaseConfiguration$JpaWebConfiguration [main] spring.jpa.open-in-view is enabled by default. Therefore, database queries may be performed during view rendering. Explicitly configure spring.jpa.open-in-view to disable this warning
[32m2024-09-17 16:12:27.956[0;39m [INFO] org.springframework.boot.web.embedded.tomcat.TomcatWebServer [main] Tomcat started on port 8181 (http) with context path ''
[32m2024-09-17 16:12:27.964[0;39m [INFO] com.hexaware.restapi.ProductRestApiApplication [main] Started ProductRestApiApplication in 4.166 seconds (process running for 4.844)
[32m2024-09-17 16:13:09.902[0;39m [INFO] org.apache.catalina.core.ContainerBase.[Tomcat].[localhost].[/] [http-nio-8181-exec-2] Initializing Spring DispatcherServlet 'dispatcherServlet'
[32m2024-09-17 16:13:09.902[0;39m [INFO] org.springframework.web.servlet.DispatcherServlet [http-nio-8181-exec-2] Initializing Servlet 'dispatcherServlet'
[32m2024-09-17 16:13:09.904[0;39m [INFO] org.springframework.web.servlet.DispatcherServlet [http-nio-8181-exec-2] Completed initialization in 2 ms
[32m2024-09-17 16:13:28.528[0;39m [INFO] com.hexaware.restapi.restcontroller.ProductRestController [http-nio-8181-exec-4] I am info
[32m2024-09-17 16:13:28.529[0;39m [WARN] com.hexaware.restapi.restcontroller.ProductRestController [http-nio-8181-exec-4] I am warning
[32m2024-09-17 16:13:28.529[0;39m [ERROR] com.hexaware.restapi.restcontroller.ProductRestController [http-nio-8181-exec-4] I am error
[32m2024-09-17 16:13:39.271[0;39m [INFO] org.springframework.boot.admin.SpringApplicationAdminMXBeanRegistrar$SpringApplicationAdmin [RMI TCP Connection(5)-127.0.0.1] Application shutdown requested.
[32m2024-09-17 16:13:39.287[0;39m [INFO] org.springframework.orm.jpa.LocalContainerEntityManagerFactoryBean [RMI TCP Connection(5)-127.0.0.1] Closing JPA EntityManagerFactory for persistence unit 'default'
[32m2024-09-17 16:13:39.289[0;39m [INFO] com.zaxxer.hikari.HikariDataSource [RMI TCP Connection(5)-127.0.0.1] HikariPool-1 - Shutdown initiated...
[32m2024-09-17 16:13:39.295[0;39m [INFO] com.zaxxer.hikari.HikariDataSource [RMI TCP Connection(5)-127.0.0.1] HikariPool-1 - Shutdown completed.
[32m2024-09-17 17:02:09.054[0;39m [INFO] com.hexaware.restapi.ProductRestApiApplication [main] Starting ProductRestApiApplication using Java 17.0.11 with PID 10088 (D:\EP_Wipro_Repo\Spring_Boot_Rest_Projects\Microservices\product_rest_api\target\classes started by DELL in D:\EP_Wipro_Repo\Spring_Boot_Rest_Projects\Microservices\product_rest_api)
[32m2024-09-17 17:02:09.056[0;39m [INFO] com.hexaware.restapi.ProductRestApiApplication [main] No active profile set, falling back to 1 default profile: "default"
[32m2024-09-17 17:02:09.724[0;39m [INFO] org.springframework.data.repository.config.RepositoryConfigurationDelegate [main] Bootstrapping Spring Data JPA repositories in DEFAULT mode.
[32m2024-09-17 17:02:09.783[0;39m [INFO] org.springframework.data.repository.config.RepositoryConfigurationDelegate [main] Finished Spring Data repository scanning in 50 ms. Found 1 JPA repository interface.
[32m2024-09-17 17:02:10.292[0;39m [INFO] org.springframework.boot.web.embedded.tomcat.TomcatWebServer [main] Tomcat initialized with port 8282 (http)
[32m2024-09-17 17:02:10.306[0;39m [INFO] org.apache.catalina.core.StandardService [main] Starting service [Tomcat]
[32m2024-09-17 17:02:10.306[0;39m [INFO] org.apache.catalina.core.StandardEngine [main] Starting Servlet engine: [Apache Tomcat/10.1.16]
[32m2024-09-17 17:02:10.383[0;39m [INFO] org.apache.catalina.core.ContainerBase.[Tomcat].[localhost].[/] [main] Initializing Spring embedded WebApplicationContext
[32m2024-09-17 17:02:10.383[0;39m [INFO] org.springframework.boot.web.servlet.context.ServletWebServerApplicationContext [main] Root WebApplicationContext: initialization completed in 1275 ms
[32m2024-09-17 17:02:10.511[0;39m [INFO] org.hibernate.jpa.internal.util.LogHelper [main] HHH000204: Processing PersistenceUnitInfo [name: default]
[32m2024-09-17 17:02:10.563[0;39m [INFO] org.hibernate.Version [main] HHH000412: Hibernate ORM core version 6.3.1.Final
[32m2024-09-17 17:02:10.594[0;39m [INFO] org.hibernate.cache.internal.RegionFactoryInitiator [main] HHH000026: Second-level cache disabled
[32m2024-09-17 17:02:10.826[0;39m [INFO] org.springframework.orm.jpa.persistenceunit.SpringPersistenceUnitInfo [main] No LoadTimeWeaver setup: ignoring JPA class transformer
[32m2024-09-17 17:02:10.848[0;39m [INFO] com.zaxxer.hikari.HikariDataSource [main] HikariPool-1 - Starting...
[32m2024-09-17 17:02:11.174[0;39m [INFO] com.zaxxer.hikari.pool.HikariPool [main] HikariPool-1 - Added connection com.mysql.cj.jdbc.ConnectionImpl@4aac81ca
[32m2024-09-17 17:02:11.177[0;39m [INFO] com.zaxxer.hikari.HikariDataSource [main] HikariPool-1 - Start completed.
[32m2024-09-17 17:02:12.098[0;39m [INFO] org.hibernate.engine.transaction.jta.platform.internal.JtaPlatformInitiator [main] HHH000489: No JTA platform available (set 'hibernate.transaction.jta.platform' to enable JTA platform integration)
[32m2024-09-17 17:02:12.141[0;39m [INFO] org.springframework.orm.jpa.LocalContainerEntityManagerFactoryBean [main] Initialized JPA EntityManagerFactory for persistence unit 'default'
[32m2024-09-17 17:02:12.409[0;39m [WARN] org.springframework.boot.autoconfigure.orm.jpa.JpaBaseConfiguration$JpaWebConfiguration [main] spring.jpa.open-in-view is enabled by default. Therefore, database queries may be performed during view rendering. Explicitly configure spring.jpa.open-in-view to disable this warning
[32m2024-09-17 17:02:12.776[0;39m [INFO] org.springframework.boot.web.embedded.tomcat.TomcatWebServer [main] Tomcat started on port 8282 (http) with context path ''
[32m2024-09-17 17:02:12.784[0;39m [INFO] com.hexaware.restapi.ProductRestApiApplication [main] Started ProductRestApiApplication in 4.211 seconds (process running for 4.925)
[32m2024-09-17 17:02:42.085[0;39m [INFO] org.apache.catalina.core.ContainerBase.[Tomcat].[localhost].[/] [http-nio-8282-exec-1] Initializing Spring DispatcherServlet 'dispatcherServlet'
[32m2024-09-17 17:02:42.085[0;39m [INFO] org.springframework.web.servlet.DispatcherServlet [http-nio-8282-exec-1] Initializing Servlet 'dispatcherServlet'
[32m2024-09-17 17:02:42.087[0;39m [INFO] org.springframework.web.servlet.DispatcherServlet [http-nio-8282-exec-1] Completed initialization in 2 ms
[32m2024-09-17 17:02:42.143[0;39m [INFO] com.hexaware.restapi.restcontroller.ProductRestController [http-nio-8282-exec-1] I am info
[32m2024-09-17 17:02:42.144[0;39m [WARN] com.hexaware.restapi.restcontroller.ProductRestController [http-nio-8282-exec-1] I am warning
[32m2024-09-17 17:02:42.144[0;39m [ERROR] com.hexaware.restapi.restcontroller.ProductRestController [http-nio-8282-exec-1] I am error
[32m2024-09-17 17:47:06.428[0;39m [INFO] org.springframework.boot.admin.SpringApplicationAdminMXBeanRegistrar$SpringApplicationAdmin [RMI TCP Connection(49)-127.0.0.1] Application shutdown requested.
[32m2024-09-17 17:47:06.449[0;39m [INFO] org.springframework.orm.jpa.LocalContainerEntityManagerFactoryBean [RMI TCP Connection(49)-127.0.0.1] Closing JPA EntityManagerFactory for persistence unit 'default'
[32m2024-09-17 17:47:06.450[0;39m [INFO] com.zaxxer.hikari.HikariDataSource [RMI TCP Connection(49)-127.0.0.1] HikariPool-1 - Shutdown initiated...
[32m2024-09-17 17:47:06.456[0;39m [INFO] com.zaxxer.hikari.HikariDataSource [RMI TCP Connection(49)-127.0.0.1] HikariPool-1 - Shutdown completed.
[32m2024-09-17 17:47:09.102[0;39m [INFO] com.hexaware.restapi.ProductRestApiApplication [main] Starting ProductRestApiApplication using Java 17.0.11 with PID 2188 (D:\EP_Wipro_Repo\Spring_Boot_Rest_Projects\Microservices\product_rest_api\target\classes started by DELL in D:\EP_Wipro_Repo\Spring_Boot_Rest_Projects\Microservices\product_rest_api)
[32m2024-09-17 17:47:09.104[0;39m [INFO] com.hexaware.restapi.ProductRestApiApplication [main] No active profile set, falling back to 1 default profile: "default"
[32m2024-09-17 17:47:09.789[0;39m [INFO] org.springframework.data.repository.config.RepositoryConfigurationDelegate [main] Bootstrapping Spring Data JPA repositories in DEFAULT mode.
[32m2024-09-17 17:47:09.843[0;39m [INFO] org.springframework.data.repository.config.RepositoryConfigurationDelegate [main] Finished Spring Data repository scanning in 47 ms. Found 1 JPA repository interface.
[32m2024-09-17 17:47:10.364[0;39m [INFO] org.springframework.boot.web.embedded.tomcat.TomcatWebServer [main] Tomcat initialized with port 8282 (http)
[32m2024-09-17 17:47:10.379[0;39m [INFO] org.apache.catalina.core.StandardService [main] Starting service [Tomcat]
[32m2024-09-17 17:47:10.380[0;39m [INFO] org.apache.catalina.core.StandardEngine [main] Starting Servlet engine: [Apache Tomcat/10.1.16]
[32m2024-09-17 17:47:10.449[0;39m [INFO] org.apache.catalina.core.ContainerBase.[Tomcat].[localhost].[/] [main] Initializing Spring embedded WebApplicationContext
[32m2024-09-17 17:47:10.450[0;39m [INFO] org.springframework.boot.web.servlet.context.ServletWebServerApplicationContext [main] Root WebApplicationContext: initialization completed in 1289 ms
[32m2024-09-17 17:47:10.580[0;39m [INFO] org.hibernate.jpa.internal.util.LogHelper [main] HHH000204: Processing PersistenceUnitInfo [name: default]
[32m2024-09-17 17:47:10.629[0;39m [INFO] org.hibernate.Version [main] HHH000412: Hibernate ORM core version 6.3.1.Final
[32m2024-09-17 17:47:10.662[0;39m [INFO] org.hibernate.cache.internal.RegionFactoryInitiator [main] HHH000026: Second-level cache disabled
[32m2024-09-17 17:47:10.919[0;39m [INFO] org.springframework.orm.jpa.persistenceunit.SpringPersistenceUnitInfo [main] No LoadTimeWeaver setup: ignoring JPA class transformer
[32m2024-09-17 17:47:10.945[0;39m [INFO] com.zaxxer.hikari.HikariDataSource [main] HikariPool-1 - Starting...
[32m2024-09-17 17:47:11.275[0;39m [INFO] com.zaxxer.hikari.pool.HikariPool [main] HikariPool-1 - Added connection com.mysql.cj.jdbc.ConnectionImpl@4315fe1b
[32m2024-09-17 17:47:11.278[0;39m [INFO] com.zaxxer.hikari.HikariDataSource [main] HikariPool-1 - Start completed.
[32m2024-09-17 17:47:12.169[0;39m [INFO] org.hibernate.engine.transaction.jta.platform.internal.JtaPlatformInitiator [main] HHH000489: No JTA platform available (set 'hibernate.transaction.jta.platform' to enable JTA platform integration)
[32m2024-09-17 17:47:12.221[0;39m [INFO] org.springframework.orm.jpa.LocalContainerEntityManagerFactoryBean [main] Initialized JPA EntityManagerFactory for persistence unit 'default'
[32m2024-09-17 17:47:12.485[0;39m [WARN] org.springframework.boot.autoconfigure.orm.jpa.JpaBaseConfiguration$JpaWebConfiguration [main] spring.jpa.open-in-view is enabled by default. Therefore, database queries may be performed during view rendering. Explicitly configure spring.jpa.open-in-view to disable this warning
[32m2024-09-17 17:47:12.824[0;39m [INFO] org.springframework.boot.web.embedded.tomcat.TomcatWebServer [main] Tomcat started on port 8282 (http) with context path ''
[32m2024-09-17 17:47:12.832[0;39m [INFO] com.hexaware.restapi.ProductRestApiApplication [main] Started ProductRestApiApplication in 4.174 seconds (process running for 5.106)
[32m2024-09-17 17:47:28.038[0;39m [INFO] org.apache.catalina.core.ContainerBase.[Tomcat].[localhost].[/] [http-nio-8282-exec-1] Initializing Spring DispatcherServlet 'dispatcherServlet'
[32m2024-09-17 17:47:28.039[0;39m [INFO] org.springframework.web.servlet.DispatcherServlet [http-nio-8282-exec-1] Initializing Servlet 'dispatcherServlet'
[32m2024-09-17 17:47:28.042[0;39m [INFO] org.springframework.web.servlet.DispatcherServlet [http-nio-8282-exec-1] Completed initialization in 3 ms
[32m2024-09-17 17:53:26.265[0;39m [INFO] org.springframework.boot.admin.SpringApplicationAdminMXBeanRegistrar$SpringApplicationAdmin [RMI TCP Connection(11)-127.0.0.1] Application shutdown requested.
[32m2024-09-17 17:53:26.291[0;39m [INFO] org.springframework.orm.jpa.LocalContainerEntityManagerFactoryBean [RMI TCP Connection(11)-127.0.0.1] Closing JPA EntityManagerFactory for persistence unit 'default'
[32m2024-09-17 17:53:26.295[0;39m [INFO] com.zaxxer.hikari.HikariDataSource [RMI TCP Connection(11)-127.0.0.1] HikariPool-1 - Shutdown initiated...
[32m2024-09-17 17:53:26.307[0;39m [INFO] com.zaxxer.hikari.HikariDataSource [RMI TCP Connection(11)-127.0.0.1] HikariPool-1 - Shutdown completed.
[32m2024-09-17 17:53:34.347[0;39m [INFO] com.hexaware.restapi.ProductRestApiApplication [main] Starting ProductRestApiApplication using Java 17.0.11 with PID 10676 (D:\EP_Wipro_Repo\Spring_Boot_Rest_Projects\Microservices\product_rest_api\target\classes started by DELL in D:\EP_Wipro_Repo\Spring_Boot_Rest_Projects\Microservices\product_rest_api)
[32m2024-09-17 17:53:34.350[0;39m [INFO] com.hexaware.restapi.ProductRestApiApplication [main] No active profile set, falling back to 1 default profile: "default"
[32m2024-09-17 17:53:35.026[0;39m [INFO] org.springframework.data.repository.config.RepositoryConfigurationDelegate [main] Bootstrapping Spring Data JPA repositories in DEFAULT mode.
[32m2024-09-17 17:53:35.079[0;39m [INFO] org.springframework.data.repository.config.RepositoryConfigurationDelegate [main] Finished Spring Data repository scanning in 45 ms. Found 1 JPA repository interface.
[32m2024-09-17 17:53:35.576[0;39m [INFO] org.springframework.boot.web.embedded.tomcat.TomcatWebServer [main] Tomcat initialized with port 8282 (http)
[32m2024-09-17 17:53:35.586[0;39m [INFO] org.apache.catalina.core.StandardService [main] Starting service [Tomcat]
[32m2024-09-17 17:53:35.586[0;39m [INFO] org.apache.catalina.core.StandardEngine [main] Starting Servlet engine: [Apache Tomcat/10.1.16]
[32m2024-09-17 17:53:35.646[0;39m [INFO] org.apache.catalina.core.ContainerBase.[Tomcat].[localhost].[/] [main] Initializing Spring embedded WebApplicationContext
[32m2024-09-17 17:53:35.646[0;39m [INFO] org.springframework.boot.web.servlet.context.ServletWebServerApplicationContext [main] Root WebApplicationContext: initialization completed in 1241 ms
[32m2024-09-17 17:53:35.777[0;39m [INFO] org.hibernate.jpa.internal.util.LogHelper [main] HHH000204: Processing PersistenceUnitInfo [name: default]
[32m2024-09-17 17:53:35.826[0;39m [INFO] org.hibernate.Version [main] HHH000412: Hibernate ORM core version 6.3.1.Final
[32m2024-09-17 17:53:35.858[0;39m [INFO] org.hibernate.cache.internal.RegionFactoryInitiator [main] HHH000026: Second-level cache disabled
[32m2024-09-17 17:53:36.098[0;39m [INFO] org.springframework.orm.jpa.persistenceunit.SpringPersistenceUnitInfo [main] No LoadTimeWeaver setup: ignoring JPA class transformer
[32m2024-09-17 17:53:36.124[0;39m [INFO] com.zaxxer.hikari.HikariDataSource [main] HikariPool-1 - Starting...
[32m2024-09-17 17:53:36.440[0;39m [INFO] com.zaxxer.hikari.pool.HikariPool [main] HikariPool-1 - Added connection com.mysql.cj.jdbc.ConnectionImpl@6a6e9289
[32m2024-09-17 17:53:36.442[0;39m [INFO] com.zaxxer.hikari.HikariDataSource [main] HikariPool-1 - Start completed.
[32m2024-09-17 17:53:37.364[0;39m [INFO] org.hibernate.engine.transaction.jta.platform.internal.JtaPlatformInitiator [main] HHH000489: No JTA platform available (set 'hibernate.transaction.jta.platform' to enable JTA platform integration)
[32m2024-09-17 17:53:37.410[0;39m [INFO] org.springframework.orm.jpa.LocalContainerEntityManagerFactoryBean [main] Initialized JPA EntityManagerFactory for persistence unit 'default'
[32m2024-09-17 17:53:37.690[0;39m [WARN] org.springframework.boot.autoconfigure.orm.jpa.JpaBaseConfiguration$JpaWebConfiguration [main] spring.jpa.open-in-view is enabled by default. Therefore, database queries may be performed during view rendering. Explicitly configure spring.jpa.open-in-view to disable this warning
[32m2024-09-17 17:53:38.018[0;39m [INFO] org.springframework.boot.web.embedded.tomcat.TomcatWebServer [main] Tomcat started on port 8282 (http) with context path ''
[32m2024-09-17 17:53:38.026[0;39m [INFO] com.hexaware.restapi.ProductRestApiApplication [main] Started ProductRestApiApplication in 4.155 seconds (process running for 4.912)
[32m2024-09-17 17:54:07.519[0;39m [INFO] org.apache.catalina.core.ContainerBase.[Tomcat].[localhost].[/] [http-nio-8282-exec-1] Initializing Spring DispatcherServlet 'dispatcherServlet'
[32m2024-09-17 17:54:07.519[0;39m [INFO] org.springframework.web.servlet.DispatcherServlet [http-nio-8282-exec-1] Initializing Servlet 'dispatcherServlet'
[32m2024-09-17 17:54:07.521[0;39m [INFO] org.springframework.web.servlet.DispatcherServlet [http-nio-8282-exec-1] Completed initialization in 2 ms
[32m2024-09-17 17:55:36.721[0;39m [INFO] org.springframework.boot.admin.SpringApplicationAdminMXBeanRegistrar$SpringApplicationAdmin [RMI TCP Connection(5)-127.0.0.1] Application shutdown requested.
[32m2024-09-17 17:55:36.748[0;39m [INFO] org.springframework.orm.jpa.LocalContainerEntityManagerFactoryBean [RMI TCP Connection(5)-127.0.0.1] Closing JPA EntityManagerFactory for persistence unit 'default'
[32m2024-09-17 17:55:36.750[0;39m [INFO] com.zaxxer.hikari.HikariDataSource [RMI TCP Connection(5)-127.0.0.1] HikariPool-1 - Shutdown initiated...
[32m2024-09-17 17:55:36.759[0;39m [INFO] com.zaxxer.hikari.HikariDataSource [RMI TCP Connection(5)-127.0.0.1] HikariPool-1 - Shutdown completed.
[32m2024-09-17 17:55:39.111[0;39m [INFO] com.hexaware.restapi.ProductRestApiApplication [main] Starting ProductRestApiApplication using Java 17.0.11 with PID 12812 (D:\EP_Wipro_Repo\Spring_Boot_Rest_Projects\Microservices\product_rest_api\target\classes started by DELL in D:\EP_Wipro_Repo\Spring_Boot_Rest_Projects\Microservices\product_rest_api)
[32m2024-09-17 17:55:39.114[0;39m [INFO] com.hexaware.restapi.ProductRestApiApplication [main] No active profile set, falling back to 1 default profile: "default"
[32m2024-09-17 17:55:39.783[0;39m [INFO] org.springframework.data.repository.config.RepositoryConfigurationDelegate [main] Bootstrapping Spring Data JPA repositories in DEFAULT mode.
[32m2024-09-17 17:55:39.837[0;39m [INFO] org.springframework.data.repository.config.RepositoryConfigurationDelegate [main] Finished Spring Data repository scanning in 47 ms. Found 1 JPA repository interface.
[32m2024-09-17 17:55:40.333[0;39m [INFO] org.springframework.boot.web.embedded.tomcat.TomcatWebServer [main] Tomcat initialized with port 8282 (http)
[32m2024-09-17 17:55:40.342[0;39m [INFO] org.apache.catalina.core.StandardService [main] Starting service [Tomcat]
[32m2024-09-17 17:55:40.342[0;39m [INFO] org.apache.catalina.core.StandardEngine [main] Starting Servlet engine: [Apache Tomcat/10.1.16]
[32m2024-09-17 17:55:40.404[0;39m [INFO] org.apache.catalina.core.ContainerBase.[Tomcat].[localhost].[/] [main] Initializing Spring embedded WebApplicationContext
[32m2024-09-17 17:55:40.404[0;39m [INFO] org.springframework.boot.web.servlet.context.ServletWebServerApplicationContext [main] Root WebApplicationContext: initialization completed in 1236 ms
[32m2024-09-17 17:55:40.539[0;39m [INFO] org.hibernate.jpa.internal.util.LogHelper [main] HHH000204: Processing PersistenceUnitInfo [name: default]
[32m2024-09-17 17:55:40.592[0;39m [INFO] org.hibernate.Version [main] HHH000412: Hibernate ORM core version 6.3.1.Final
[32m2024-09-17 17:55:40.625[0;39m [INFO] org.hibernate.cache.internal.RegionFactoryInitiator [main] HHH000026: Second-level cache disabled
[32m2024-09-17 17:55:40.867[0;39m [INFO] org.springframework.orm.jpa.persistenceunit.SpringPersistenceUnitInfo [main] No LoadTimeWeaver setup: ignoring JPA class transformer
[32m2024-09-17 17:55:40.890[0;39m [INFO] com.zaxxer.hikari.HikariDataSource [main] HikariPool-1 - Starting...
[32m2024-09-17 17:55:41.204[0;39m [INFO] com.zaxxer.hikari.pool.HikariPool [main] HikariPool-1 - Added connection com.mysql.cj.jdbc.ConnectionImpl@2d5ae78e
[32m2024-09-17 17:55:41.207[0;39m [INFO] com.zaxxer.hikari.HikariDataSource [main] HikariPool-1 - Start completed.
[32m2024-09-17 17:55:42.140[0;39m [INFO] org.hibernate.engine.transaction.jta.platform.internal.JtaPlatformInitiator [main] HHH000489: No JTA platform available (set 'hibernate.transaction.jta.platform' to enable JTA platform integration)
[32m2024-09-17 17:55:42.181[0;39m [INFO] org.springframework.orm.jpa.LocalContainerEntityManagerFactoryBean [main] Initialized JPA EntityManagerFactory for persistence unit 'default'
[32m2024-09-17 17:55:42.442[0;39m [WARN] org.springframework.boot.autoconfigure.orm.jpa.JpaBaseConfiguration$JpaWebConfiguration [main] spring.jpa.open-in-view is enabled by default. Therefore, database queries may be performed during view rendering. Explicitly configure spring.jpa.open-in-view to disable this warning
[32m2024-09-17 17:55:42.768[0;39m [INFO] org.springframework.boot.web.embedded.tomcat.TomcatWebServer [main] Tomcat started on port 8282 (http) with context path ''
[32m2024-09-17 17:55:42.776[0;39m [INFO] com.hexaware.restapi.ProductRestApiApplication [main] Started ProductRestApiApplication in 4.146 seconds (process running for 4.857)
[32m2024-09-17 17:56:35.539[0;39m [INFO] org.apache.catalina.core.ContainerBase.[Tomcat].[localhost].[/] [http-nio-8282-exec-1] Initializing Spring DispatcherServlet 'dispatcherServlet'
[32m2024-09-17 17:56:35.539[0;39m [INFO] org.springframework.web.servlet.DispatcherServlet [http-nio-8282-exec-1] Initializing Servlet 'dispatcherServlet'
[32m2024-09-17 17:56:35.541[0;39m [INFO] org.springframework.web.servlet.DispatcherServlet [http-nio-8282-exec-1] Completed initialization in 2 ms
[32m2024-09-17 18:14:29.540[0;39m [WARN] com.zaxxer.hikari.pool.HikariPool [HikariPool-1 housekeeper] HikariPool-1 - Thread starvation or clock leap detected (housekeeper delta=11m48s122ms645µs100ns).
[32m2024-09-17 18:16:25.227[0;39m [INFO] org.springframework.boot.admin.SpringApplicationAdminMXBeanRegistrar$SpringApplicationAdmin [RMI TCP Connection(14)-127.0.0.1] Application shutdown requested.
[32m2024-09-17 18:16:25.248[0;39m [INFO] org.springframework.orm.jpa.LocalContainerEntityManagerFactoryBean [RMI TCP Connection(14)-127.0.0.1] Closing JPA EntityManagerFactory for persistence unit 'default'
[32m2024-09-17 18:16:25.251[0;39m [INFO] com.zaxxer.hikari.HikariDataSource [RMI TCP Connection(14)-127.0.0.1] HikariPool-1 - Shutdown initiated...
[32m2024-09-17 18:16:25.262[0;39m [INFO] com.zaxxer.hikari.HikariDataSource [RMI TCP Connection(14)-127.0.0.1] HikariPool-1 - Shutdown completed.
[32m2024-09-17 18:16:27.322[0;39m [INFO] com.hexaware.restapi.ProductRestApiApplication [main] Starting ProductRestApiApplication using Java 17.0.11 with PID 524 (D:\EP_Wipro_Repo\Spring_Boot_Rest_Projects\Microservices\product_rest_api\target\classes started by DELL in D:\EP_Wipro_Repo\Spring_Boot_Rest_Projects\Microservices\product_rest_api)
[32m2024-09-17 18:16:27.325[0;39m [INFO] com.hexaware.restapi.ProductRestApiApplication [main] No active profile set, falling back to 1 default profile: "default"
[32m2024-09-17 18:16:27.951[0;39m [INFO] org.springframework.data.repository.config.RepositoryConfigurationDelegate [main] Bootstrapping Spring Data JPA repositories in DEFAULT mode.
[32m2024-09-17 18:16:28.009[0;39m [INFO] org.springframework.data.repository.config.RepositoryConfigurationDelegate [main] Finished Spring Data repository scanning in 48 ms. Found 1 JPA repository interface.
[32m2024-09-17 18:16:28.458[0;39m [INFO] org.springframework.boot.web.embedded.tomcat.TomcatWebServer [main] Tomcat initialized with port 8282 (http)
[32m2024-09-17 18:16:28.467[0;39m [INFO] org.apache.catalina.core.StandardService [main] Starting service [Tomcat]
[32m2024-09-17 18:16:28.467[0;39m [INFO] org.apache.catalina.core.StandardEngine [main] Starting Servlet engine: [Apache Tomcat/10.1.16]
[32m2024-09-17 18:16:28.520[0;39m [INFO] org.apache.catalina.core.ContainerBase.[Tomcat].[localhost].[/] [main] Initializing Spring embedded WebApplicationContext
[32m2024-09-17 18:16:28.520[0;39m [INFO] org.springframework.boot.web.servlet.context.ServletWebServerApplicationContext [main] Root WebApplicationContext: initialization completed in 1147 ms
[32m2024-09-17 18:16:28.644[0;39m [INFO] org.hibernate.jpa.internal.util.LogHelper [main] HHH000204: Processing PersistenceUnitInfo [name: default]
[32m2024-09-17 18:16:28.691[0;39m [INFO] org.hibernate.Version [main] HHH000412: Hibernate ORM core version 6.3.1.Final
[32m2024-09-17 18:16:28.722[0;39m [INFO] org.hibernate.cache.internal.RegionFactoryInitiator [main] HHH000026: Second-level cache disabled
[32m2024-09-17 18:16:28.920[0;39m [INFO] org.springframework.orm.jpa.persistenceunit.SpringPersistenceUnitInfo [main] No LoadTimeWeaver setup: ignoring JPA class transformer
[32m2024-09-17 18:16:28.943[0;39m [INFO] com.zaxxer.hikari.HikariDataSource [main] HikariPool-1 - Starting...
[32m2024-09-17 18:16:29.250[0;39m [INFO] com.zaxxer.hikari.pool.HikariPool [main] HikariPool-1 - Added connection com.mysql.cj.jdbc.ConnectionImpl@3e04abc5
[32m2024-09-17 18:16:29.253[0;39m [INFO] com.zaxxer.hikari.HikariDataSource [main] HikariPool-1 - Start completed.
[32m2024-09-17 18:16:30.028[0;39m [INFO] org.hibernate.engine.transaction.jta.platform.internal.JtaPlatformInitiator [main] HHH000489: No JTA platform available (set 'hibernate.transaction.jta.platform' to enable JTA platform integration)
[32m2024-09-17 18:16:30.067[0;39m [INFO] org.springframework.orm.jpa.LocalContainerEntityManagerFactoryBean [main] Initialized JPA EntityManagerFactory for persistence unit 'default'
[32m2024-09-17 18:16:30.299[0;39m [WARN] org.springframework.boot.autoconfigure.orm.jpa.JpaBaseConfiguration$JpaWebConfiguration [main] spring.jpa.open-in-view is enabled by default. Therefore, database queries may be performed during view rendering. Explicitly configure spring.jpa.open-in-view to disable this warning
[32m2024-09-17 18:16:30.636[0;39m [INFO] org.springframework.boot.web.embedded.tomcat.TomcatWebServer [main] Tomcat started on port 8282 (http) with context path ''
[32m2024-09-17 18:16:30.643[0;39m [INFO] com.hexaware.restapi.ProductRestApiApplication [main] Started ProductRestApiApplication in 3.749 seconds (process running for 4.42)
[32m2024-09-17 18:18:35.049[0;39m [INFO] org.apache.catalina.core.ContainerBase.[Tomcat].[localhost].[/] [http-nio-8282-exec-1] Initializing Spring DispatcherServlet 'dispatcherServlet'
[32m2024-09-17 18:18:35.049[0;39m [INFO] org.springframework.web.servlet.DispatcherServlet [http-nio-8282-exec-1] Initializing Servlet 'dispatcherServlet'
[32m2024-09-17 18:18:35.052[0;39m [INFO] org.springframework.web.servlet.DispatcherServlet [http-nio-8282-exec-1] Completed initialization in 2 ms
[32m2024-09-17 18:22:01.283[0;39m [INFO] org.springframework.boot.admin.SpringApplicationAdminMXBeanRegistrar$SpringApplicationAdmin [RMI TCP Connection(9)-127.0.0.1] Application shutdown requested.
[32m2024-09-17 18:22:01.305[0;39m [INFO] org.springframework.orm.jpa.LocalContainerEntityManagerFactoryBean [RMI TCP Connection(9)-127.0.0.1] Closing JPA EntityManagerFactory for persistence unit 'default'
[32m2024-09-17 18:22:01.307[0;39m [INFO] com.zaxxer.hikari.HikariDataSource [RMI TCP Connection(9)-127.0.0.1] HikariPool-1 - Shutdown initiated...
[32m2024-09-17 18:22:01.317[0;39m [INFO] com.zaxxer.hikari.HikariDataSource [RMI TCP Connection(9)-127.0.0.1] HikariPool-1 - Shutdown completed.
[32m2024-09-17 18:22:03.492[0;39m [INFO] com.hexaware.restapi.ProductRestApiApplication [main] Starting ProductRestApiApplication using Java 17.0.11 with PID 9432 (D:\EP_Wipro_Repo\Spring_Boot_Rest_Projects\Microservices\product_rest_api\target\classes started by DELL in D:\EP_Wipro_Repo\Spring_Boot_Rest_Projects\Microservices\product_rest_api)
[32m2024-09-17 18:22:03.494[0;39m [INFO] com.hexaware.restapi.ProductRestApiApplication [main] No active profile set, falling back to 1 default profile: "default"
[32m2024-09-17 18:22:04.143[0;39m [INFO] org.springframework.data.repository.config.RepositoryConfigurationDelegate [main] Bootstrapping Spring Data JPA repositories in DEFAULT mode.
[32m2024-09-17 18:22:04.197[0;39m [INFO] org.springframework.data.repository.config.RepositoryConfigurationDelegate [main] Finished Spring Data repository scanning in 47 ms. Found 1 JPA repository interface.
[32m2024-09-17 18:22:04.631[0;39m [INFO] org.springframework.boot.web.embedded.tomcat.TomcatWebServer [main] Tomcat initialized with port 8282 (http)
[32m2024-09-17 18:22:04.642[0;39m [INFO] org.apache.catalina.core.StandardService [main] Starting service [Tomcat]
[32m2024-09-17 18:22:04.642[0;39m [INFO] org.apache.catalina.core.StandardEngine [main] Starting Servlet engine: [Apache Tomcat/10.1.16]
[32m2024-09-17 18:22:04.694[0;39m [INFO] org.apache.catalina.core.ContainerBase.[Tomcat].[localhost].[/] [main] Initializing Spring embedded WebApplicationContext
[32m2024-09-17 18:22:04.694[0;39m [INFO] org.springframework.boot.web.servlet.context.ServletWebServerApplicationContext [main] Root WebApplicationContext: initialization completed in 1149 ms
[32m2024-09-17 18:22:04.818[0;39m [INFO] org.hibernate.jpa.internal.util.LogHelper [main] HHH000204: Processing PersistenceUnitInfo [name: default]
[32m2024-09-17 18:22:04.860[0;39m [INFO] org.hibernate.Version [main] HHH000412: Hibernate ORM core version 6.3.1.Final
[32m2024-09-17 18:22:04.891[0;39m [INFO] org.hibernate.cache.internal.RegionFactoryInitiator [main] HHH000026: Second-level cache disabled
[32m2024-09-17 18:22:05.084[0;39m [INFO] org.springframework.orm.jpa.persistenceunit.SpringPersistenceUnitInfo [main] No LoadTimeWeaver setup: ignoring JPA class transformer
[32m2024-09-17 18:22:05.108[0;39m [INFO] com.zaxxer.hikari.HikariDataSource [main] HikariPool-1 - Starting...
[32m2024-09-17 18:22:05.502[0;39m [INFO] com.zaxxer.hikari.pool.HikariPool [main] HikariPool-1 - Added connection com.mysql.cj.jdbc.ConnectionImpl@365e65bb
[32m2024-09-17 18:22:05.504[0;39m [INFO] com.zaxxer.hikari.HikariDataSource [main] HikariPool-1 - Start completed.
[32m2024-09-17 18:22:06.309[0;39m [INFO] org.hibernate.engine.transaction.jta.platform.internal.JtaPlatformInitiator [main] HHH000489: No JTA platform available (set 'hibernate.transaction.jta.platform' to enable JTA platform integration)
[32m2024-09-17 18:22:06.348[0;39m [INFO] org.springframework.orm.jpa.LocalContainerEntityManagerFactoryBean [main] Initialized JPA EntityManagerFactory for persistence unit 'default'
[32m2024-09-17 18:22:06.606[0;39m [WARN] org.springframework.boot.autoconfigure.orm.jpa.JpaBaseConfiguration$JpaWebConfiguration [main] spring.jpa.open-in-view is enabled by default. Therefore, database queries may be performed during view rendering. Explicitly configure spring.jpa.open-in-view to disable this warning
[32m2024-09-17 18:22:06.902[0;39m [INFO] org.springframework.boot.web.embedded.tomcat.TomcatWebServer [main] Tomcat started on port 8282 (http) with context path ''
[32m2024-09-17 18:22:06.910[0;39m [INFO] com.hexaware.restapi.ProductRestApiApplication [main] Started ProductRestApiApplication in 3.829 seconds (process running for 4.475)
[32m2024-09-17 18:22:13.963[0;39m [INFO] org.apache.catalina.core.ContainerBase.[Tomcat].[localhost].[/] [http-nio-8282-exec-1] Initializing Spring DispatcherServlet 'dispatcherServlet'
[32m2024-09-17 18:22:13.964[0;39m [INFO] org.springframework.web.servlet.DispatcherServlet [http-nio-8282-exec-1] Initializing Servlet 'dispatcherServlet'
[32m2024-09-17 18:22:13.966[0;39m [INFO] org.springframework.web.servlet.DispatcherServlet [http-nio-8282-exec-1] Completed initialization in 2 ms
[32m2024-09-17 18:29:00.610[0;39m [INFO] org.springframework.boot.admin.SpringApplicationAdminMXBeanRegistrar$SpringApplicationAdmin [RMI TCP Connection(10)-127.0.0.1] Application shutdown requested.
[32m2024-09-17 18:29:00.631[0;39m [INFO] org.springframework.orm.jpa.LocalContainerEntityManagerFactoryBean [RMI TCP Connection(10)-127.0.0.1] Closing JPA EntityManagerFactory for persistence unit 'default'
[32m2024-09-17 18:29:00.633[0;39m [INFO] com.zaxxer.hikari.HikariDataSource [RMI TCP Connection(10)-127.0.0.1] HikariPool-1 - Shutdown initiated...
[32m2024-09-17 18:29:00.642[0;39m [INFO] com.zaxxer.hikari.HikariDataSource [RMI TCP Connection(10)-127.0.0.1] HikariPool-1 - Shutdown completed.
